<?xml version="1.0" encoding="UTF-8"?>
<!-- Generated by org.testng.reporters.JUnitXMLReporter -->
<testsuite ignored="12" hostname="DESKTOP-9JTIR56" failures="0" tests="21" name="Test" time="122.21" errors="0" timestamp="2022-12-02T13:07:30 BDT">
  <testcase classname="tests.AccountCreate" name="createAccount" time="3.298"/>
  <testcase classname="tests.AccountCreate" name="ClickOnSignIn" time="25.676"/>
  <testcase classname="tests.AccountCreate4" name="createAccount" time="14.062"/>
  <testcase classname="tests.AccountCreate5" name="createLogIn" time="2.166"/>
  <testcase classname="tests.AccountCreate5" name="ClickPasswordIn" time="2.191"/>
  <testcase classname="tests.AccountCreate5" name="ClickLogInPageButton" time="4.04"/>
  <testcase classname="tests.AccountCreate2" name="AuthorSelect" time="2.414"/>
  <testcase classname="tests.AccountCreate2" name="ClickOnSignIn" time="10.603"/>
  <testcase classname="tests.AccountCreate2" name="bookCollect" time="4.926"/>
  <testcase classname="tests.AccountCreate3" name="Selectpage" time="6.381"/>
  <testcase classname="tests.AccountCreate3" name="SelectCat" time="10.554"/>
  <testcase classname="tests.AccountCreate6" name="OrderAccount" time="2.216"/>
  <testcase classname="tests.AccountCreate6" name="ConfirmPreOrder" time="3.878"/>
  <testcase classname="tests.AccountCreate7" name="SelectDistrict" time="2.179"/>
  <testcase classname="tests.AccountCreate7" name="DisRajAccount" time="2.116"/>
  <testcase classname="tests.AccountCreate7" name="AreaAccount" time="2.168"/>
  <testcase classname="tests.AccountCreate7" name="AreaNameAccount" time="2.119"/>
  <testcase classname="tests.AccountCreate7" name="AddressAccount" time="2.243"/>
  <testcase classname="tests.AccountCreate7" name="CommentAccount" time="12.18"/>
  <testcase classname="tests.AccountCreate7" name="PaymentAccount" time="2.13"/>
  <testcase classname="tests.AccountCreate7" name="ClickOnorderSystem" time="2.174"/>
  <testcase classname="drivers.BaseDrivers" name="@AfterSuite close" time="0.0">
    <ignored/>
  </testcase> <!-- @AfterSuite close -->
  <testcase classname="drivers.BaseDrivers" name="@AfterSuite close" time="0.0">
    <ignored/>
  </testcase> <!-- @AfterSuite close -->
  <testcase classname="drivers.BaseDrivers" name="@AfterSuite close" time="0.0">
    <ignored/>
  </testcase> <!-- @AfterSuite close -->
  <testcase classname="drivers.BaseDrivers" name="@BeforeSuite start" time="0.0">
    <ignored/>
  </testcase> <!-- @BeforeSuite start -->
  <testcase classname="drivers.BaseDrivers" name="@BeforeSuite start" time="0.0">
    <ignored/>
  </testcase> <!-- @BeforeSuite start -->
  <testcase classname="drivers.BaseDrivers" name="@AfterSuite close" time="0.0">
    <ignored/>
  </testcase> <!-- @AfterSuite close -->
  <testcase classname="drivers.BaseDrivers" name="@BeforeSuite start" time="0.0">
    <ignored/>
  </testcase> <!-- @BeforeSuite start -->
  <testcase classname="drivers.BaseDrivers" name="@BeforeSuite start" time="0.0">
    <ignored/>
  </testcase> <!-- @BeforeSuite start -->
  <testcase classname="drivers.BaseDrivers" name="@BeforeSuite start" time="0.0">
    <ignored/>
  </testcase> <!-- @BeforeSuite start -->
  <testcase classname="drivers.BaseDrivers" name="@AfterSuite close" time="0.0">
    <ignored/>
  </testcase> <!-- @AfterSuite close -->
  <testcase classname="drivers.BaseDrivers" name="@BeforeSuite start" time="0.0">
    <ignored/>
  </testcase> <!-- @BeforeSuite start -->
  <testcase classname="drivers.BaseDrivers" name="@AfterSuite close" time="0.0">
    <ignored/>
  </testcase> <!-- @AfterSuite close -->
</testsuite> <!-- Test -->
